<?xml version="1.0" encoding="UTF-8" ?>
<testsuite errors="0" failures="1" hostname="Angela-PC" name="edu.odu.cs.cs350.namex.UnitTests.testTrainer" skipped="0" tests="1" time="0.117" timestamp="2016-04-09T21:54:24">
  <properties>
[...]
</properties>
  <testcase classname="edu.odu.cs.cs350.namex.UnitTests.testTrainer" name="test" time="0.015">
    <failure message="Not yet implemented" type="junit.framework.AssertionFailedError">junit.framework.AssertionFailedError: Not yet implemented
	at edu.odu.cs.cs350.namex.UnitTests.testTrainer.test(testTrainer.java:11)
</failure>
  </testcase>
  <system-out><![CDATA[]]></system-out>
  <system-err><![CDATA[]]></system-err>
</testsuite>
